<?xml version="1.0" encoding="UTF-8"?>
<!-- Generated by org.testng.reporters.JUnitReportReporter -->
<testsuite hostname="MANIKANDAN_RAVI" failures="0" tests="1" name="runners.githubrunner.LogincheckRunner" time="15.277" errors="1" timestamp="2025-10-20T17:04:59 IST" skipped="0">
  <testcase classname="runners.githubrunner.LogincheckRunner" name="runScenario" time="15.277">
    <error message="Expected condition failed: waiting for url to contain &quot;https://github.com/dashboard&quot;. Current url: &quot;https://github.com/sessions/verified-device&quot; (tried for 10 second(s) with 500 milliseconds interval)
Build info: version: &#039;4.37.0&#039;, revision: &#039;3c1da1e342&#039;
System info: os.name: &#039;Windows 11&#039;, os.arch: &#039;amd64&#039;, os.version: &#039;10.0&#039;, java.version: &#039;21.0.7&#039;
Driver info: org.openqa.selenium.chrome.ChromeDriver
Capabilities {acceptInsecureCerts: false, browserName: chrome, browserVersion: 141.0.7390.108, chrome: {chromedriverVersion: 141.0.7390.78 (2b53b0e231fc..., userDataDir: C:\Users\manim\AppData\Loca...}, fedcm:accounts: true, goog:chromeOptions: {debuggerAddress: localhost:62343}, networkConnectionEnabled: false, pageLoadStrategy: normal, platformName: windows, proxy: Proxy(), se:cdp: ws://localhost:62343/devtoo..., se:cdpVersion: 141.0.7390.108, setWindowRect: true, strictFileInteractability: false, timeouts: {implicit: 0, pageLoad: 300000, script: 30000}, unhandledPromptBehavior: dismiss and notify, webauthn:extension:credBlob: true, webauthn:extension:largeBlob: true, webauthn:extension:minPinLength: true, webauthn:extension:prf: true, webauthn:virtualAuthenticators: true}
Session ID: 14c4d90db37798edebf02e719b4b5182" type="org.openqa.selenium.TimeoutException">
      <![CDATA[org.openqa.selenium.TimeoutException: Expected condition failed: waiting for url to contain "https://github.com/dashboard". Current url: "https://github.com/sessions/verified-device" (tried for 10 second(s) with 500 milliseconds interval)
Build info: version: '4.37.0', revision: '3c1da1e342'
System info: os.name: 'Windows 11', os.arch: 'amd64', os.version: '10.0', java.version: '21.0.7'
Driver info: org.openqa.selenium.chrome.ChromeDriver
Capabilities {acceptInsecureCerts: false, browserName: chrome, browserVersion: 141.0.7390.108, chrome: {chromedriverVersion: 141.0.7390.78 (2b53b0e231fc..., userDataDir: C:\Users\manim\AppData\Loca...}, fedcm:accounts: true, goog:chromeOptions: {debuggerAddress: localhost:62343}, networkConnectionEnabled: false, pageLoadStrategy: normal, platformName: windows, proxy: Proxy(), se:cdp: ws://localhost:62343/devtoo..., se:cdpVersion: 141.0.7390.108, setWindowRect: true, strictFileInteractability: false, timeouts: {implicit: 0, pageLoad: 300000, script: 30000}, unhandledPromptBehavior: dismiss and notify, webauthn:extension:credBlob: true, webauthn:extension:largeBlob: true, webauthn:extension:minPinLength: true, webauthn:extension:prf: true, webauthn:virtualAuthenticators: true}
Session ID: 14c4d90db37798edebf02e719b4b5182
at org.openqa.selenium.support.ui.WebDriverWait.timeoutException(WebDriverWait.java:84)
at org.openqa.selenium.support.ui.FluentWait.until(FluentWait.java:228)
at utils.CommenMethodsWait.waitForURLContains(CommenMethodsWait.java:66)
at stepdefinition.githubstepfile.LoginAndLogoutCheck.i_should_be_logged_in_successfully(LoginAndLogoutCheck.java:60)
at ✽.I should be logged in successfully(file:///C:/Users/manim/eclipse-workspace/GithubAutomationProject/src/test/resources/Github_Features/GithubLoginandlogout.feature:7)
]]>
    </error>
  </testcase> <!-- runScenario -->
</testsuite> <!-- runners.githubrunner.LogincheckRunner -->
